# JRE version: OpenJDK Runtime Environment Temurin-21.0.10+7 (21.0.10+7) (build 21.0.10+7-LTS)
# Java VM: OpenJDK 64-Bit Server VM Temurin-21.0.10+7 (21.0.10+7-LTS, mixed mode, sharing, tiered, compressed oops, compressed class ptrs, parallel gc, windows-amd64)
GC Precious Log:
 CardTable entry size: 512
 CPUs: 8 total, 8 available
 Memory: 8014M
 Large Page Support: Disabled
 NUMA Support: Disabled
 Compressed Oops: Enabled (32-bit)
 Alignments: Space 512K, Generation 512K, Heap 2M
 Heap Min Capacity: 100M
 Heap Initial Capacity: 100M
 Heap Max Capacity: 2G
 Pre-touch: Disabled
 Parallel Workers: 8
Heap:
 PSYoungGen      total 6656K, used 6266K [0x00000000d5580000, 0x00000000d5f80000, 0x0000000100000000)
  eden space 6144K, 96% used [0x00000000d5580000,0x00000000d5b4ebf8,0x00000000d5b80000)
  from space 512K, 62% used [0x00000000d5b80000,0x00000000d5bd0000,0x00000000d5c00000)
  to   space 512K, 0% used [0x00000000d5f00000,0x00000000d5f00000,0x00000000d5f80000)
 ParOldGen       total 224256K, used 223763K [0x0000000080000000, 0x000000008db00000, 0x00000000d5580000)
  object space 224256K, 99% used [0x0000000080000000,0x000000008da84ee8,0x000000008db00000)
 Metaspace       used 70390K, committed 72128K, reserved 1114112K
  class space    used 7448K, committed 8256K, reserved 1048576K
GC Heap History (20 events):
Event: 51.378 GC heap before
{Heap before GC invocations=143 (full 3):
 PSYoungGen      total 10240K, used 9439K [0x00000000d5580000, 0x00000000d6100000, 0x0000000100000000)
  eden space 9216K, 99% used [0x00000000d5580000,0x00000000d5e7ff50,0x00000000d5e80000)
  from space 1024K, 21% used [0x00000000d5f80000,0x00000000d5fb8000,0x00000000d6080000)
  to   space 512K, 0% used [0x00000000d6080000,0x00000000d6080000,0x00000000d6100000)
 ParOldGen       total 218624K, used 218508K [0x0000000080000000, 0x000000008d580000, 0x00000000d5580000)
  object space 218624K, 99% used [0x0000000080000000,0x000000008d5630d0,0x000000008d580000)
 Metaspace       used 69531K, committed 71296K, reserved 1114112K
  class space    used 7390K, committed 8192K, reserved 1048576K
}
Event: 51.380 GC heap after
{Heap after GC invocations=143 (full 3):
 PSYoungGen      total 9728K, used 480K [0x00000000d5580000, 0x00000000d6100000, 0x0000000100000000)
  eden space 9216K, 0% used [0x00000000d5580000,0x00000000d5580000,0x00000000d5e80000)
  from space 512K, 93% used [0x00000000d6080000,0x00000000d60f8010,0x00000000d6100000)
  to   space 1024K, 0% used [0x00000000d5f00000,0x00000000d5f00000,0x00000000d6000000)
 ParOldGen       total 219136K, used 218628K [0x0000000080000000, 0x000000008d600000, 0x00000000d5580000)
  object space 219136K, 99% used [0x0000000080000000,0x000000008d5810e0,0x000000008d600000)
 Metaspace       used 69531K, committed 71296K, reserved 1114112K
  class space    used 7390K, committed 8192K, reserved 1048576K
}
Event: 51.526 GC heap before
{Heap before GC invocations=144 (full 3):
 PSYoungGen      total 9728K, used 9643K [0x00000000d5580000, 0x00000000d6100000, 0x0000000100000000)
  eden space 9216K, 99% used [0x00000000d5580000,0x00000000d5e72f60,0x00000000d5e80000)
  from space 512K, 93% used [0x00000000d6080000,0x00000000d60f8010,0x00000000d6100000)
  to   space 1024K, 0% used [0x00000000d5f00000,0x00000000d5f00000,0x00000000d6000000)
 ParOldGen       total 219136K, used 218628K [0x0000000080000000, 0x000000008d600000, 0x00000000d5580000)
  object space 219136K, 99% used [0x0000000080000000,0x000000008d5810e0,0x000000008d600000)
 Metaspace       used 69546K, committed 71296K, reserved 1114112K
  class space    used 7390K, committed 8192K, reserved 1048576K
}
Event: 51.529 GC heap after
{Heap after GC invocations=144 (full 3):
 PSYoungGen      total 10240K, used 256K [0x00000000d5580000, 0x00000000d6100000, 0x0000000100000000)
  eden space 9216K, 0% used [0x00000000d5580000,0x00000000d5580000,0x00000000d5e80000)
  from space 1024K, 25% used [0x00000000d5f00000,0x00000000d5f40000,0x00000000d6000000)
  to   space 512K, 0% used [0x00000000d6080000,0x00000000d6080000,0x00000000d6100000)
 ParOldGen       total 219136K, used 219028K [0x0000000080000000, 0x000000008d600000, 0x00000000d5580000)
  object space 219136K, 99% used [0x0000000080000000,0x000000008d5e50f0,0x000000008d600000)
 Metaspace       used 69546K, committed 71296K, reserved 1114112K
  class space    used 7390K, committed 8192K, reserved 1048576K
}
Event: 52.119 GC heap before
{Heap before GC invocations=145 (full 3):
 PSYoungGen      total 10240K, used 9459K [0x00000000d5580000, 0x00000000d6100000, 0x0000000100000000)
  eden space 9216K, 99% used [0x00000000d5580000,0x00000000d5e7cf48,0x00000000d5e80000)
  from space 1024K, 25% used [0x00000000d5f00000,0x00000000d5f40000,0x00000000d6000000)
  to   space 512K, 0% used [0x00000000d6080000,0x00000000d6080000,0x00000000d6100000)
 ParOldGen       total 219136K, used 219028K [0x0000000080000000, 0x000000008d600000, 0x00000000d5580000)
  object space 219136K, 99% used [0x0000000080000000,0x000000008d5e50f0,0x000000008d600000)
 Metaspace       used 69590K, committed 71360K, reserved 1114112K
  class space    used 7390K, committed 8192K, reserved 1048576K
}
Event: 52.121 GC heap after
{Heap after GC invocations=145 (full 3):
 PSYoungGen      total 9728K, used 501K [0x00000000d5580000, 0x00000000d6280000, 0x0000000100000000)
  eden space 9216K, 0% used [0x00000000d5580000,0x00000000d5580000,0x00000000d5e80000)
  from space 512K, 97% used [0x00000000d6080000,0x00000000d60fd488,0x00000000d6100000)
  to   space 2048K, 0% used [0x00000000d5e80000,0x00000000d5e80000,0x00000000d6080000)
 ParOldGen       total 220160K, used 219951K [0x0000000080000000, 0x000000008d700000, 0x00000000d5580000)
  object space 220160K, 99% used [0x0000000080000000,0x000000008d6cbe88,0x000000008d700000)
 Metaspace       used 69590K, committed 71360K, reserved 1114112K
  class space    used 7390K, committed 8192K, reserved 1048576K
}
Event: 52.621 GC heap before
{Heap before GC invocations=146 (full 3):
 PSYoungGen      total 9728K, used 9717K [0x00000000d5580000, 0x00000000d6280000, 0x0000000100000000)
  eden space 9216K, 100% used [0x00000000d5580000,0x00000000d5e80000,0x00000000d5e80000)
  from space 512K, 97% used [0x00000000d6080000,0x00000000d60fd488,0x00000000d6100000)
  to   space 2048K, 0% used [0x00000000d5e80000,0x00000000d5e80000,0x00000000d6080000)
 ParOldGen       total 220160K, used 219951K [0x0000000080000000, 0x000000008d700000, 0x00000000d5580000)
  object space 220160K, 99% used [0x0000000080000000,0x000000008d6cbe88,0x000000008d700000)
 Metaspace       used 69592K, committed 71360K, reserved 1114112K
  class space    used 7390K, committed 8192K, reserved 1048576K
}
Event: 52.623 GC heap after
{Heap after GC invocations=146 (full 3):
 PSYoungGen      total 9728K, used 128K [0x00000000d5580000, 0x00000000d6100000, 0x0000000100000000)
  eden space 9216K, 0% used [0x00000000d5580000,0x00000000d5580000,0x00000000d5e80000)
  from space 512K, 25% used [0x00000000d5e80000,0x00000000d5ea0000,0x00000000d5f00000)
  to   space 1024K, 0% used [0x00000000d6000000,0x00000000d6000000,0x00000000d6100000)
 ParOldGen       total 220160K, used 220111K [0x0000000080000000, 0x000000008d700000, 0x00000000d5580000)
  object space 220160K, 99% used [0x0000000080000000,0x000000008d6f3e88,0x000000008d700000)
 Metaspace       used 69592K, committed 71360K, reserved 1114112K
  class space    used 7390K, committed 8192K, reserved 1048576K
}
Event: 52.770 GC heap before
{Heap before GC invocations=147 (full 3):
 PSYoungGen      total 9728K, used 9203K [0x00000000d5580000, 0x00000000d6100000, 0x0000000100000000)
  eden space 9216K, 98% used [0x00000000d5580000,0x00000000d5e5cf68,0x00000000d5e80000)
  from space 512K, 25% used [0x00000000d5e80000,0x00000000d5ea0000,0x00000000d5f00000)
  to   space 1024K, 0% used [0x00000000d6000000,0x00000000d6000000,0x00000000d6100000)
 ParOldGen       total 220160K, used 220111K [0x0000000080000000, 0x000000008d700000, 0x00000000d5580000)
  object space 220160K, 99% used [0x0000000080000000,0x000000008d6f3e88,0x000000008d700000)
 Metaspace       used 69675K, committed 71360K, reserved 1114112K
  class space    used 7395K, committed 8192K, reserved 1048576K
}
Event: 52.775 GC heap after
{Heap after GC invocations=147 (full 3):
 PSYoungGen      total 7168K, used 1006K [0x00000000d5580000, 0x00000000d6780000, 0x0000000100000000)
  eden space 6144K, 0% used [0x00000000d5580000,0x00000000d5580000,0x00000000d5b80000)
  from space 1024K, 98% used [0x00000000d6000000,0x00000000d60fb990,0x00000000d6100000)
  to   space 4608K, 0% used [0x00000000d5b80000,0x00000000d5b80000,0x00000000d6000000)
 ParOldGen       total 223232K, used 222967K [0x0000000080000000, 0x000000008da00000, 0x00000000d5580000)
  object space 223232K, 99% used [0x0000000080000000,0x000000008d9bde88,0x000000008da00000)
 Metaspace       used 69675K, committed 71360K, reserved 1114112K
  class space    used 7395K, committed 8192K, reserved 1048576K
}
Event: 52.870 GC heap before
{Heap before GC invocations=148 (full 3):
 PSYoungGen      total 7168K, used 7142K [0x00000000d5580000, 0x00000000d6780000, 0x0000000100000000)
  eden space 6144K, 99% used [0x00000000d5580000,0x00000000d5b7dee0,0x00000000d5b80000)
  from space 1024K, 98% used [0x00000000d6000000,0x00000000d60fb990,0x00000000d6100000)
  to   space 4608K, 0% used [0x00000000d5b80000,0x00000000d5b80000,0x00000000d6000000)
 ParOldGen       total 223232K, used 222967K [0x0000000080000000, 0x000000008da00000, 0x00000000d5580000)
  object space 223232K, 99% used [0x0000000080000000,0x000000008d9bde88,0x000000008da00000)
 Metaspace       used 69676K, committed 71360K, reserved 1114112K
  class space    used 7395K, committed 8192K, reserved 1048576K
}
Event: 52.872 GC heap after
{Heap after GC invocations=148 (full 3):
 PSYoungGen      total 6656K, used 174K [0x00000000d5580000, 0x00000000d6080000, 0x0000000100000000)
  eden space 6144K, 0% used [0x00000000d5580000,0x00000000d5580000,0x00000000d5b80000)
  from space 512K, 34% used [0x00000000d5b80000,0x00000000d5babbb8,0x00000000d5c00000)
  to   space 1536K, 0% used [0x00000000d5f00000,0x00000000d5f00000,0x00000000d6080000)
 ParOldGen       total 223744K, used 223315K [0x0000000080000000, 0x000000008da80000, 0x00000000d5580000)
  object space 223744K, 99% used [0x0000000080000000,0x000000008da14ec8,0x000000008da80000)
 Metaspace       used 69676K, committed 71360K, reserved 1114112K
  class space    used 7395K, committed 8192K, reserved 1048576K
}
Event: 53.418 GC heap before
{Heap before GC invocations=149 (full 3):
 PSYoungGen      total 6656K, used 6318K [0x00000000d5580000, 0x00000000d6080000, 0x0000000100000000)
  eden space 6144K, 100% used [0x00000000d5580000,0x00000000d5b80000,0x00000000d5b80000)
  from space 512K, 34% used [0x00000000d5b80000,0x00000000d5babbb8,0x00000000d5c00000)
  to   space 1536K, 0% used [0x00000000d5f00000,0x00000000d5f00000,0x00000000d6080000)
 ParOldGen       total 223744K, used 223315K [0x0000000080000000, 0x000000008da80000, 0x00000000d5580000)
  object space 223744K, 99% used [0x0000000080000000,0x000000008da14ec8,0x000000008da80000)
 Metaspace       used 69689K, committed 71360K, reserved 1114112K
  class space    used 7395K, committed 8192K, reserved 1048576K
}
Event: 53.420 GC heap after
{Heap after GC invocations=149 (full 3):
 PSYoungGen      total 6656K, used 314K [0x00000000d5580000, 0x00000000d5f80000, 0x0000000100000000)
  eden space 6144K, 0% used [0x00000000d5580000,0x00000000d5580000,0x00000000d5b80000)
  from space 512K, 61% used [0x00000000d5f00000,0x00000000d5f4e900,0x00000000d5f80000)
  to   space 512K, 0% used [0x00000000d5b80000,0x00000000d5b80000,0x00000000d5c00000)
 ParOldGen       total 223744K, used 223355K [0x0000000080000000, 0x000000008da80000, 0x00000000d5580000)
  object space 223744K, 99% used [0x0000000080000000,0x000000008da1eec8,0x000000008da80000)
 Metaspace       used 69689K, committed 71360K, reserved 1114112K
  class space    used 7395K, committed 8192K, reserved 1048576K
}
Event: 53.496 GC heap before
{Heap before GC invocations=150 (full 3):
 PSYoungGen      total 6656K, used 6432K [0x00000000d5580000, 0x00000000d5f80000, 0x0000000100000000)
  eden space 6144K, 99% used [0x00000000d5580000,0x00000000d5b798d0,0x00000000d5b80000)
  from space 512K, 61% used [0x00000000d5f00000,0x00000000d5f4e900,0x00000000d5f80000)
  to   space 512K, 0% used [0x00000000d5b80000,0x00000000d5b80000,0x00000000d5c00000)
 ParOldGen       total 223744K, used 223355K [0x0000000080000000, 0x000000008da80000, 0x00000000d5580000)
  object space 223744K, 99% used [0x0000000080000000,0x000000008da1eec8,0x000000008da80000)
 Metaspace       used 69715K, committed 71360K, reserved 1114112K
  class space    used 7395K, committed 8192K, reserved 1048576K
}
Event: 53.498 GC heap after
{Heap after GC invocations=150 (full 3):
 PSYoungGen      total 6656K, used 276K [0x00000000d5580000, 0x00000000d5f80000, 0x0000000100000000)
  eden space 6144K, 0% used [0x00000000d5580000,0x00000000d5580000,0x00000000d5b80000)
  from space 512K, 54% used [0x00000000d5b80000,0x00000000d5bc5200,0x00000000d5c00000)
  to   space 512K, 0% used [0x00000000d5f00000,0x00000000d5f00000,0x00000000d5f80000)
 ParOldGen       total 223744K, used 223531K [0x0000000080000000, 0x000000008da80000, 0x00000000d5580000)
  object space 223744K, 99% used [0x0000000080000000,0x000000008da4aec8,0x000000008da80000)
 Metaspace       used 69715K, committed 71360K, reserved 1114112K
  class space    used 7395K, committed 8192K, reserved 1048576K
}
Event: 54.304 GC heap before
{Heap before GC invocations=151 (full 3):
 PSYoungGen      total 6656K, used 6417K [0x00000000d5580000, 0x00000000d5f80000, 0x0000000100000000)
  eden space 6144K, 99% used [0x00000000d5580000,0x00000000d5b7f3c0,0x00000000d5b80000)
  from space 512K, 54% used [0x00000000d5b80000,0x00000000d5bc5200,0x00000000d5c00000)
  to   space 512K, 0% used [0x00000000d5f00000,0x00000000d5f00000,0x00000000d5f80000)
 ParOldGen       total 223744K, used 223531K [0x0000000080000000, 0x000000008da80000, 0x00000000d5580000)
  object space 223744K, 99% used [0x0000000080000000,0x000000008da4aec8,0x000000008da80000)
 Metaspace       used 69964K, committed 71616K, reserved 1114112K
  class space    used 7416K, committed 8192K, reserved 1048576K
}
Event: 54.306 GC heap after
{Heap after GC invocations=151 (full 3):
 PSYoungGen      total 6656K, used 356K [0x00000000d5580000, 0x00000000d5f80000, 0x0000000100000000)
  eden space 6144K, 0% used [0x00000000d5580000,0x00000000d5580000,0x00000000d5b80000)
  from space 512K, 69% used [0x00000000d5f00000,0x00000000d5f59030,0x00000000d5f80000)
  to   space 512K, 0% used [0x00000000d5b80000,0x00000000d5b80000,0x00000000d5c00000)
 ParOldGen       total 223744K, used 223595K [0x0000000080000000, 0x000000008da80000, 0x00000000d5580000)
  object space 223744K, 99% used [0x0000000080000000,0x000000008da5aec8,0x000000008da80000)
 Metaspace       used 69964K, committed 71616K, reserved 1114112K
  class space    used 7416K, committed 8192K, reserved 1048576K
}
Event: 608.020 GC heap before
{Heap before GC invocations=152 (full 3):
 PSYoungGen      total 6656K, used 6500K [0x00000000d5580000, 0x00000000d5f80000, 0x0000000100000000)
  eden space 6144K, 100% used [0x00000000d5580000,0x00000000d5b80000,0x00000000d5b80000)
  from space 512K, 69% used [0x00000000d5f00000,0x00000000d5f59030,0x00000000d5f80000)
  to   space 512K, 0% used [0x00000000d5b80000,0x00000000d5b80000,0x00000000d5c00000)
 ParOldGen       total 223744K, used 223595K [0x0000000080000000, 0x000000008da80000, 0x00000000d5580000)
  object space 223744K, 99% used [0x0000000080000000,0x000000008da5aec8,0x000000008da80000)
 Metaspace       used 70309K, committed 72064K, reserved 1114112K
  class space    used 7447K, committed 8256K, reserved 1048576K
}
Event: 608.145 GC heap after
{Heap after GC invocations=152 (full 3):
 PSYoungGen      total 6656K, used 320K [0x00000000d5580000, 0x00000000d5f80000, 0x0000000100000000)
  eden space 6144K, 0% used [0x00000000d5580000,0x00000000d5580000,0x00000000d5b80000)
  from space 512K, 62% used [0x00000000d5b80000,0x00000000d5bd0000,0x00000000d5c00000)
  to   space 512K, 0% used [0x00000000d5f00000,0x00000000d5f00000,0x00000000d5f80000)
 ParOldGen       total 224256K, used 223763K [0x0000000080000000, 0x000000008db00000, 0x00000000d5580000)
  object space 224256K, 99% used [0x0000000080000000,0x000000008da84ee8,0x000000008db00000)
 Metaspace       used 70309K, committed 72064K, reserved 1114112K
  class space    used 7447K, committed 8256K, reserved 1048576K
}

